<?xml version="1.0" encoding="UTF-8"?>
<!-- Generated by org.testng.reporters.JUnitXMLReporter -->
<testsuite ignored="0" hostname="DESKTOP-5TOV8SL" failures="0" tests="14" name="Test" time="58.986" errors="0" timestamp="2023-04-06T22:53:14 IST">
  <testcase classname="com.qa.testCases.TC_LogINTest_003" name="Test1" time="2.637"/>
  <testcase classname="com.qa.testCases.TC_LogINTest_003" name="test2" time="2.455"/>
  <testcase classname="com.qa.testCases.TC_LogINTest_003" name="validUser" time="0.165"/>
  <testcase classname="com.qa.testCases.TC_LogINTest_003" name="inValidUser" time="0.07"/>
  <testcase classname="com.qa.testCases.TC_RegisterPage_002" name="Test1" time="3.04"/>
  <testcase classname="com.qa.testCases.TC_RegisterPage_002" name="test2" time="3.117"/>
  <testcase classname="com.qa.testCases.TC_RegisterPage_002" name="testUserVerify" time="0.127"/>
  <testcase classname="com.qa.testCases.TC_ValidateMainElements_005" name="Test1" time="13.78"/>
  <testcase classname="com.qa.testCases.TC_ValidateMainElements_005" name="Test2" time="0.244"/>
  <testcase classname="com.qa.testCases.TC_ValidateMainElements_005" name="Test3" time="0.156"/>
  <testcase classname="com.qa.testCases.TC_LinksVerification_004" name="Test1" time="6.845"/>
  <testcase classname="com.qa.testCases.TC_LinksVerification_004" name="Test2" time="2.655"/>
  <testcase classname="com.qa.testCases.TC_LinksVerification_004" name="Test3" time="2.262"/>
  <testcase classname="com.qa.testCases.TC_linkTest_001" name="linkTest" time="9.632"/>
</testsuite> <!-- Test -->
