<?xml version="1.0" encoding="UTF-8"?>
<testng-results ignored="0" total="14" passed="14" failed="0" skipped="0">
  <reporter-output>
  </reporter-output>
  <suite started-at="2023-04-06T22:52:14 IST" name="Suite" finished-at="2023-04-06T22:53:13 IST" duration-ms="58986">
    <groups>
    </groups>
    <test started-at="2023-04-06T22:52:14 IST" name="Test" finished-at="2023-04-06T22:53:13 IST" duration-ms="58986">
      <class name="com.qa.testCases.TC_LinksVerification_004">
        <test-method is-config="true" signature="setUp()[pri:0, instance:com.qa.testCases.TC_LinksVerification_004@548d708a]" started-at="2023-04-06T22:52:48 IST" name="setUp" finished-at="2023-04-06T22:52:50 IST" duration-ms="1510" status="PASS">
          <reporter-output>
          </reporter-output>
        </test-method> <!-- setUp -->
        <test-method signature="Test1()[pri:0, instance:com.qa.testCases.TC_LinksVerification_004@548d708a]" started-at="2023-04-06T22:52:50 IST" name="Test1" finished-at="2023-04-06T22:52:57 IST" duration-ms="6845" status="PASS">
          <reporter-output>
          </reporter-output>
        </test-method> <!-- Test1 -->
        <test-method signature="Test2()[pri:0, instance:com.qa.testCases.TC_LinksVerification_004@548d708a]" started-at="2023-04-06T22:52:57 IST" name="Test2" finished-at="2023-04-06T22:52:59 IST" duration-ms="2655" status="PASS">
          <reporter-output>
          </reporter-output>
        </test-method> <!-- Test2 -->
        <test-method signature="Test3()[pri:0, instance:com.qa.testCases.TC_LinksVerification_004@548d708a]" started-at="2023-04-06T22:52:59 IST" name="Test3" finished-at="2023-04-06T22:53:02 IST" duration-ms="2262" status="PASS">
          <reporter-output>
          </reporter-output>
        </test-method> <!-- Test3 -->
        <test-method is-config="true" signature="tearDown()[pri:0, instance:com.qa.testCases.TC_LinksVerification_004@548d708a]" started-at="2023-04-06T22:53:02 IST" name="tearDown" finished-at="2023-04-06T22:53:02 IST" duration-ms="323" status="PASS">
          <reporter-output>
          </reporter-output>
        </test-method> <!-- tearDown -->
      </class> <!-- com.qa.testCases.TC_LinksVerification_004 -->
      <class name="com.qa.testCases.TC_ValidateMainElements_005">
        <test-method is-config="true" signature="setUp()[pri:0, instance:com.qa.testCases.TC_ValidateMainElements_005@4be29ed9]" started-at="2023-04-06T22:52:33 IST" name="setUp" finished-at="2023-04-06T22:52:34 IST" duration-ms="1298" status="PASS">
          <reporter-output>
          </reporter-output>
        </test-method> <!-- setUp -->
        <test-method signature="Test1()[pri:0, instance:com.qa.testCases.TC_ValidateMainElements_005@4be29ed9]" started-at="2023-04-06T22:52:34 IST" name="Test1" finished-at="2023-04-06T22:52:48 IST" duration-ms="13780" status="PASS">
          <reporter-output>
          </reporter-output>
        </test-method> <!-- Test1 -->
        <test-method signature="Test2()[pri:0, instance:com.qa.testCases.TC_ValidateMainElements_005@4be29ed9]" started-at="2023-04-06T22:52:48 IST" name="Test2" finished-at="2023-04-06T22:52:48 IST" duration-ms="244" status="PASS">
          <reporter-output>
          </reporter-output>
        </test-method> <!-- Test2 -->
        <test-method signature="Test3()[pri:0, instance:com.qa.testCases.TC_ValidateMainElements_005@4be29ed9]" started-at="2023-04-06T22:52:48 IST" name="Test3" finished-at="2023-04-06T22:52:48 IST" duration-ms="156" status="PASS">
          <reporter-output>
          </reporter-output>
        </test-method> <!-- Test3 -->
        <test-method is-config="true" signature="tearDown()[pri:0, instance:com.qa.testCases.TC_ValidateMainElements_005@4be29ed9]" started-at="2023-04-06T22:52:48 IST" name="tearDown" finished-at="2023-04-06T22:52:48 IST" duration-ms="299" status="PASS">
          <reporter-output>
          </reporter-output>
        </test-method> <!-- tearDown -->
      </class> <!-- com.qa.testCases.TC_ValidateMainElements_005 -->
      <class name="com.qa.testCases.TC_RegisterPage_002">
        <test-method is-config="true" signature="setUp()[pri:0, instance:com.qa.testCases.TC_RegisterPage_002@3a7442c7]" started-at="2023-04-06T22:52:25 IST" name="setUp" finished-at="2023-04-06T22:52:26 IST" duration-ms="1410" status="PASS">
          <reporter-output>
          </reporter-output>
        </test-method> <!-- setUp -->
        <test-method signature="Test1()[pri:1, instance:com.qa.testCases.TC_RegisterPage_002@3a7442c7]" started-at="2023-04-06T22:52:26 IST" name="Test1" finished-at="2023-04-06T22:52:29 IST" duration-ms="3040" status="PASS">
          <reporter-output>
          </reporter-output>
        </test-method> <!-- Test1 -->
        <test-method signature="test2()[pri:2, instance:com.qa.testCases.TC_RegisterPage_002@3a7442c7]" started-at="2023-04-06T22:52:29 IST" name="test2" finished-at="2023-04-06T22:52:32 IST" duration-ms="3117" status="PASS">
          <reporter-output>
          </reporter-output>
        </test-method> <!-- test2 -->
        <test-method signature="testUserVerify()[pri:3, instance:com.qa.testCases.TC_RegisterPage_002@3a7442c7]" started-at="2023-04-06T22:52:32 IST" name="testUserVerify" finished-at="2023-04-06T22:52:32 IST" duration-ms="127" status="PASS">
          <reporter-output>
          </reporter-output>
        </test-method> <!-- testUserVerify -->
        <test-method is-config="true" signature="tearDown()[pri:0, instance:com.qa.testCases.TC_RegisterPage_002@3a7442c7]" started-at="2023-04-06T22:52:32 IST" name="tearDown" finished-at="2023-04-06T22:52:33 IST" duration-ms="351" status="PASS">
          <reporter-output>
          </reporter-output>
        </test-method> <!-- tearDown -->
      </class> <!-- com.qa.testCases.TC_RegisterPage_002 -->
      <class name="com.qa.testCases.TC_LogINTest_003">
        <test-method is-config="true" signature="setUp()[pri:0, instance:com.qa.testCases.TC_LogINTest_003@7161d8d1]" started-at="2023-04-06T22:52:15 IST" name="setUp" finished-at="2023-04-06T22:52:19 IST" duration-ms="3654" status="PASS">
          <reporter-output>
          </reporter-output>
        </test-method> <!-- setUp -->
        <test-method signature="Test1()[pri:1, instance:com.qa.testCases.TC_LogINTest_003@7161d8d1]" started-at="2023-04-06T22:52:19 IST" name="Test1" finished-at="2023-04-06T22:52:21 IST" duration-ms="2637" status="PASS">
          <reporter-output>
          </reporter-output>
        </test-method> <!-- Test1 -->
        <test-method signature="test2()[pri:2, instance:com.qa.testCases.TC_LogINTest_003@7161d8d1]" started-at="2023-04-06T22:52:21 IST" name="test2" finished-at="2023-04-06T22:52:24 IST" duration-ms="2455" status="PASS">
          <reporter-output>
          </reporter-output>
        </test-method> <!-- test2 -->
        <test-method signature="validUser()[pri:3, instance:com.qa.testCases.TC_LogINTest_003@7161d8d1]" started-at="2023-04-06T22:52:24 IST" name="validUser" finished-at="2023-04-06T22:52:24 IST" duration-ms="165" status="PASS">
          <reporter-output>
          </reporter-output>
        </test-method> <!-- validUser -->
        <test-method signature="inValidUser()[pri:4, instance:com.qa.testCases.TC_LogINTest_003@7161d8d1]" started-at="2023-04-06T22:52:24 IST" name="inValidUser" finished-at="2023-04-06T22:52:24 IST" duration-ms="70" status="PASS">
          <reporter-output>
          </reporter-output>
        </test-method> <!-- inValidUser -->
        <test-method is-config="true" signature="tearDown()[pri:0, instance:com.qa.testCases.TC_LogINTest_003@7161d8d1]" started-at="2023-04-06T22:52:24 IST" name="tearDown" finished-at="2023-04-06T22:52:25 IST" duration-ms="589" status="PASS">
          <reporter-output>
          </reporter-output>
        </test-method> <!-- tearDown -->
      </class> <!-- com.qa.testCases.TC_LogINTest_003 -->
      <class name="com.qa.testCases.TC_linkTest_001">
        <test-method is-config="true" signature="setUp()[pri:0, instance:com.qa.testCases.TC_linkTest_001@4b013c76]" started-at="2023-04-06T22:53:02 IST" name="setUp" finished-at="2023-04-06T22:53:03 IST" duration-ms="1379" status="PASS">
          <reporter-output>
          </reporter-output>
        </test-method> <!-- setUp -->
        <test-method signature="linkTest()[pri:0, instance:com.qa.testCases.TC_linkTest_001@4b013c76]" started-at="2023-04-06T22:53:03 IST" name="linkTest" finished-at="2023-04-06T22:53:13 IST" duration-ms="9632" status="PASS">
          <reporter-output>
          </reporter-output>
        </test-method> <!-- linkTest -->
        <test-method is-config="true" signature="tearDown()[pri:0, instance:com.qa.testCases.TC_linkTest_001@4b013c76]" started-at="2023-04-06T22:53:13 IST" name="tearDown" finished-at="2023-04-06T22:53:13 IST" duration-ms="287" status="PASS">
          <reporter-output>
          </reporter-output>
        </test-method> <!-- tearDown -->
      </class> <!-- com.qa.testCases.TC_linkTest_001 -->
    </test> <!-- Test -->
  </suite> <!-- Suite -->
</testng-results>
